<?xml version="1.0" encoding="UTF-8"?>
<!-- Generated by org.testng.reporters.JUnitXMLReporter -->
<testsuite hostname="DESKTOP-ITOC7DF" ignored="0" name="DemoTest" tests="4" failures="0" timestamp="17 Sep 2019 12:26:56 GMT" time="49.73" errors="0">
  <testcase name="googleTest" time="6.829" classname="tests.GoogleTest"/>
  <testcase name="amazonTest" time="10.333" classname="tests.GoogleTest"/>
  <testcase name="appleTest" time="5.263" classname="tests.GoogleTest"/>
  <testcase name="youtubeTest" time="4.535" classname="tests.GoogleTest"/>
</testsuite> <!-- DemoTest -->
